<?xml version="1.0" encoding="utf-8"?>
<?AutomationStudio Version="4.7.5.60 SP"?>
<Objects>
  <Object
    Path="D:\Projekty BER\Embraco_VymenaRobotaUR_A2021002\Logical\Package.pkg"
    LogicalPath=""
    Type="Package.ParentUnknown"
    LastWriteTime="132598584529300959" />
  <Object
    Path="D:\Projekty BER\Embraco_VymenaRobotaUR_A2021002\Temp\Includes\AS_TempDecl\Config1\GlobalComponents\MpComponents.var"
    LogicalPath="MpComponents.var"
    Type="File"
    LastWriteTime="132598584579009356"
    Private="false" />
  <Object
    Path="D:\Projekty BER\Embraco_VymenaRobotaUR_A2021002\Temp\Includes\AS_TempDecl\Config1\GlobalComponents\McElements.var"
    LogicalPath="McElements.var"
    Type="File"
    LastWriteTime="132598584578999359"
    Private="false" />
  <Object
    Path="D:\Projekty BER\Embraco_VymenaRobotaUR_A2021002\Logical\Global.typ"
    LogicalPath="Global.typ"
    Type="File"
    LastWriteTime="132608755561508113"
    Private="false" />
  <Object
    Path="D:\Projekty BER\Embraco_VymenaRobotaUR_A2021002\Logical\Global.var"
    LogicalPath="Global.var"
    Type="File"
    LastWriteTime="132602907441340903"
    Private="false" />
  <Object
    Path="D:\Projekty BER\Embraco_VymenaRobotaUR_A2021002\Logical\Libraries\Package.pkg"
    LogicalPath="Libraries"
    Type="Package"
    LastWriteTime="132604627446871493" />
  <Object
    Path="D:\Projekty BER\Embraco_VymenaRobotaUR_A2021002\Logical\Libraries\Runtime\Binary.lby"
    LogicalPath="Libraries.Runtime"
    Type="Library"
    LastWriteTime="132598584529251092" />
  <Object
    Path="D:\Projekty BER\Embraco_VymenaRobotaUR_A2021002\Logical\Libraries\Runtime\runtime.var"
    LogicalPath="Libraries.Runtime.runtime.var"
    Type="File"
    LastWriteTime="132598584529251092"
    Private="false" />
  <Object
    Path="D:\Projekty BER\Embraco_VymenaRobotaUR_A2021002\Logical\Libraries\Runtime\runtime.typ"
    LogicalPath="Libraries.Runtime.runtime.typ"
    Type="File"
    LastWriteTime="132598584529251092"
    Private="false" />
  <Object
    Path="D:\Projekty BER\Embraco_VymenaRobotaUR_A2021002\Logical\Libraries\Runtime\runtime.fun"
    LogicalPath="Libraries.Runtime.runtime.fun"
    Type="File"
    LastWriteTime="132598584529251092"
    Private="false" />
  <Object
    Path="D:\Projekty BER\Embraco_VymenaRobotaUR_A2021002\Logical\Libraries\Operator\Binary.lby"
    LogicalPath="Libraries.Operator"
    Type="Library"
    LastWriteTime="132598584529221174" />
  <Object
    Path="D:\Projekty BER\Embraco_VymenaRobotaUR_A2021002\Logical\Libraries\Operator\operator.fun"
    LogicalPath="Libraries.Operator.operator.fun"
    Type="File"
    LastWriteTime="132598584529231147"
    Private="false" />
  <Object
    Path="D:\Projekty BER\Embraco_VymenaRobotaUR_A2021002\Logical\Libraries\AsIecCon\Binary.lby"
    LogicalPath="Libraries.AsIecCon"
    Type="Library"
    LastWriteTime="132598584528662668" />
  <Object
    Path="D:\Projekty BER\Embraco_VymenaRobotaUR_A2021002\Logical\Libraries\AsIecCon\AsIecCon.fun"
    LogicalPath="Libraries.AsIecCon.AsIecCon.fun"
    Type="File"
    LastWriteTime="132598584528662668"
    Private="false" />
  <Object
    Path="D:\Projekty BER\Embraco_VymenaRobotaUR_A2021002\Logical\Libraries\astime\Binary.lby"
    LogicalPath="Libraries.astime"
    Type="Library"
    LastWriteTime="132598584528692583" />
  <Object
    Path="D:\Projekty BER\Embraco_VymenaRobotaUR_A2021002\Logical\Libraries\astime\astime.var"
    LogicalPath="Libraries.astime.astime.var"
    Type="File"
    LastWriteTime="132598584528692583"
    Private="false" />
  <Object
    Path="D:\Projekty BER\Embraco_VymenaRobotaUR_A2021002\Logical\Libraries\astime\astime.typ"
    LogicalPath="Libraries.astime.astime.typ"
    Type="File"
    LastWriteTime="132598584528692583"
    Private="false" />
  <Object
    Path="D:\Projekty BER\Embraco_VymenaRobotaUR_A2021002\Logical\Libraries\astime\astime.fun"
    LogicalPath="Libraries.astime.astime.fun"
    Type="File"
    LastWriteTime="132598584528682631"
    Private="false" />
  <Object
    Path="D:\Projekty BER\Embraco_VymenaRobotaUR_A2021002\Logical\Libraries\standard\Binary.lby"
    LogicalPath="Libraries.standard"
    Type="Library"
    LastWriteTime="132598584529271041" />
  <Object
    Path="D:\Projekty BER\Embraco_VymenaRobotaUR_A2021002\Logical\Libraries\standard\standard.fun"
    LogicalPath="Libraries.standard.standard.fun"
    Type="File"
    LastWriteTime="132598584529281013"
    Private="false" />
  <Object
    Path="D:\Projekty BER\Embraco_VymenaRobotaUR_A2021002\Logical\Libraries\standard\standard.typ"
    LogicalPath="Libraries.standard.standard.typ"
    Type="File"
    LastWriteTime="132598584529281013"
    Private="false" />
  <Object
    Path="D:\Projekty BER\Embraco_VymenaRobotaUR_A2021002\Logical\Libraries\standard\standard.var"
    LogicalPath="Libraries.standard.standard.var"
    Type="File"
    LastWriteTime="132598584529281013"
    Private="false" />
  <Object
    Path="D:\Projekty BER\Embraco_VymenaRobotaUR_A2021002\Logical\Libraries\AsBrStr\Binary.lby"
    LogicalPath="Libraries.AsBrStr"
    Type="Library"
    LastWriteTime="132598584528662668" />
  <Object
    Path="D:\Projekty BER\Embraco_VymenaRobotaUR_A2021002\Logical\Libraries\AsBrStr\AsBrStr.fun"
    LogicalPath="Libraries.AsBrStr.AsBrStr.fun"
    Type="File"
    LastWriteTime="132598584528642741"
    Private="false" />
  <Object
    Path="D:\Projekty BER\Embraco_VymenaRobotaUR_A2021002\Logical\Libraries\AsBrStr\AsBrStr.typ"
    LogicalPath="Libraries.AsBrStr.AsBrStr.typ"
    Type="File"
    LastWriteTime="132598584528642741"
    Private="false" />
  <Object
    Path="D:\Projekty BER\Embraco_VymenaRobotaUR_A2021002\Logical\Libraries\AsBrStr\AsBrStr.var"
    LogicalPath="Libraries.AsBrStr.AsBrStr.var"
    Type="File"
    LastWriteTime="132598584528642741"
    Private="false" />
  <Object
    Path="D:\Projekty BER\Embraco_VymenaRobotaUR_A2021002\Logical\Libraries\FileIO\Binary.lby"
    LogicalPath="Libraries.FileIO"
    Type="Library"
    LastWriteTime="132598584528812286" />
  <Object
    Path="D:\Projekty BER\Embraco_VymenaRobotaUR_A2021002\Logical\Libraries\FileIO\FileIO.fun"
    LogicalPath="Libraries.FileIO.FileIO.fun"
    Type="File"
    LastWriteTime="132598584528812286"
    Private="false" />
  <Object
    Path="D:\Projekty BER\Embraco_VymenaRobotaUR_A2021002\Logical\Libraries\FileIO\FileIO.typ"
    LogicalPath="Libraries.FileIO.FileIO.typ"
    Type="File"
    LastWriteTime="132598584528812286"
    Private="false" />
  <Object
    Path="D:\Projekty BER\Embraco_VymenaRobotaUR_A2021002\Logical\Libraries\FileIO\FileIO.var"
    LogicalPath="Libraries.FileIO.FileIO.var"
    Type="File"
    LastWriteTime="132598584528812286"
    Private="false" />
  <Object
    Path="D:\Projekty BER\Embraco_VymenaRobotaUR_A2021002\Logical\Libraries\sys_lib\binary.lby"
    LogicalPath="Libraries.sys_lib"
    Type="Library"
    LastWriteTime="132598584529281013" />
  <Object
    Path="D:\Projekty BER\Embraco_VymenaRobotaUR_A2021002\Logical\Libraries\sys_lib\sys_lib.fun"
    LogicalPath="Libraries.sys_lib.sys_lib.fun"
    Type="File"
    LastWriteTime="132598584529290985"
    Private="false" />
  <Object
    Path="D:\Projekty BER\Embraco_VymenaRobotaUR_A2021002\Logical\Libraries\sys_lib\sys_lib.typ"
    LogicalPath="Libraries.sys_lib.sys_lib.typ"
    Type="File"
    LastWriteTime="132598584529290985"
    Private="false" />
  <Object
    Path="D:\Projekty BER\Embraco_VymenaRobotaUR_A2021002\Logical\Libraries\sys_lib\sys_lib.var"
    LogicalPath="Libraries.sys_lib.sys_lib.var"
    Type="File"
    LastWriteTime="132598584529290985"
    Private="false" />
  <Object
    Path="D:\Projekty BER\Embraco_VymenaRobotaUR_A2021002\Logical\Libraries\AsSafety\binary.lby"
    LogicalPath="Libraries.AsSafety"
    Type="Library"
    LastWriteTime="132598584528672641" />
  <Object
    Path="D:\Projekty BER\Embraco_VymenaRobotaUR_A2021002\Logical\Libraries\AsSafety\AsSafety.fun"
    LogicalPath="Libraries.AsSafety.AsSafety.fun"
    Type="File"
    LastWriteTime="132598584528662668"
    Private="false" />
  <Object
    Path="D:\Projekty BER\Embraco_VymenaRobotaUR_A2021002\Logical\Libraries\AsSafety\AsSafety.typ"
    LogicalPath="Libraries.AsSafety.AsSafety.typ"
    Type="File"
    LastWriteTime="132598584528672641"
    Private="false" />
  <Object
    Path="D:\Projekty BER\Embraco_VymenaRobotaUR_A2021002\Logical\Libraries\AsSafety\AsSafety.var"
    LogicalPath="Libraries.AsSafety.AsSafety.var"
    Type="File"
    LastWriteTime="132598584528672641"
    Private="false" />
  <Object
    Path="D:\Projekty BER\Embraco_VymenaRobotaUR_A2021002\Logical\Libraries\DataObj\binary.lby"
    LogicalPath="Libraries.DataObj"
    Type="Library"
    LastWriteTime="132598584528792321" />
  <Object
    Path="D:\Projekty BER\Embraco_VymenaRobotaUR_A2021002\Logical\Libraries\DataObj\DataObj.fun"
    LogicalPath="Libraries.DataObj.DataObj.fun"
    Type="File"
    LastWriteTime="132598584528792321"
    Private="false" />
  <Object
    Path="D:\Projekty BER\Embraco_VymenaRobotaUR_A2021002\Logical\Libraries\DataObj\DataObj.typ"
    LogicalPath="Libraries.DataObj.DataObj.typ"
    Type="File"
    LastWriteTime="132598584528792321"
    Private="false" />
  <Object
    Path="D:\Projekty BER\Embraco_VymenaRobotaUR_A2021002\Logical\Libraries\DataObj\DataObj.var"
    LogicalPath="Libraries.DataObj.DataObj.var"
    Type="File"
    LastWriteTime="132598584528792321"
    Private="false" />
  <Object
    Path="D:\Projekty BER\Embraco_VymenaRobotaUR_A2021002\Logical\Libraries\AsXml\binary.lby"
    LogicalPath="Libraries.AsXml"
    Type="Library"
    LastWriteTime="132598584528712564" />
  <Object
    Path="D:\Projekty BER\Embraco_VymenaRobotaUR_A2021002\Logical\Libraries\AsXml\AsXml.fun"
    LogicalPath="Libraries.AsXml.AsXml.fun"
    Type="File"
    LastWriteTime="132598584528712564"
    Private="false" />
  <Object
    Path="D:\Projekty BER\Embraco_VymenaRobotaUR_A2021002\Logical\Libraries\AsXml\AsXml.typ"
    LogicalPath="Libraries.AsXml.AsXml.typ"
    Type="File"
    LastWriteTime="132598584528712564"
    Private="false" />
  <Object
    Path="D:\Projekty BER\Embraco_VymenaRobotaUR_A2021002\Logical\Libraries\AsXml\AsXml.var"
    LogicalPath="Libraries.AsXml.AsXml.var"
    Type="File"
    LastWriteTime="132598584528712564"
    Private="false" />
  <Object
    Path="D:\Projekty BER\Embraco_VymenaRobotaUR_A2021002\Logical\Libraries\AsZip\binary.lby"
    LogicalPath="Libraries.AsZip"
    Type="Library"
    LastWriteTime="132598584528742484" />
  <Object
    Path="D:\Projekty BER\Embraco_VymenaRobotaUR_A2021002\Logical\Libraries\AsZip\AsZip.fun"
    LogicalPath="Libraries.AsZip.AsZip.fun"
    Type="File"
    LastWriteTime="132598584528742484"
    Private="false" />
  <Object
    Path="D:\Projekty BER\Embraco_VymenaRobotaUR_A2021002\Logical\Libraries\AsZip\AsZip.typ"
    LogicalPath="Libraries.AsZip.AsZip.typ"
    Type="File"
    LastWriteTime="132598584528732516"
    Private="false" />
  <Object
    Path="D:\Projekty BER\Embraco_VymenaRobotaUR_A2021002\Logical\Libraries\AsZip\AsZip.var"
    LogicalPath="Libraries.AsZip.AsZip.var"
    Type="File"
    LastWriteTime="132598584528742484"
    Private="false" />
  <Object
    Path="D:\Projekty BER\Embraco_VymenaRobotaUR_A2021002\Logical\Libraries\AxisLib\IEC.lby"
    LogicalPath="Libraries.AxisLib"
    Type="Library"
    LastWriteTime="132598584528762633" />
  <Object
    Path="D:\Projekty BER\Embraco_VymenaRobotaUR_A2021002\Logical\Libraries\AxisLib\Types.typ"
    LogicalPath="Libraries.AxisLib.Types.typ"
    Type="File"
    LastWriteTime="132598584528772396"
    Private="false" />
  <Object
    Path="D:\Projekty BER\Embraco_VymenaRobotaUR_A2021002\Logical\Libraries\AxisLib\Constants.var"
    LogicalPath="Libraries.AxisLib.Constants.var"
    Type="File"
    LastWriteTime="132598584528762633"
    Private="false" />
  <Object
    Path="D:\Projekty BER\Embraco_VymenaRobotaUR_A2021002\Logical\Libraries\AxisLib\AxisLib.fun"
    LogicalPath="Libraries.AxisLib.AxisLib.fun"
    Type="File"
    LastWriteTime="132598584528752449"
    Private="false" />
  <Object
    Path="D:\Projekty BER\Embraco_VymenaRobotaUR_A2021002\Logical\Libraries\AxisLib\Axis_Servo.st"
    LogicalPath="Libraries.AxisLib.Axis_Servo.st"
    Type="File"
    LastWriteTime="132598584528742484"
    Private="false" />
  <Object
    Path="D:\Projekty BER\Embraco_VymenaRobotaUR_A2021002\Logical\Libraries\AxisLib\Axis_Krokac.st"
    LogicalPath="Libraries.AxisLib.Axis_Krokac.st"
    Type="File"
    LastWriteTime="132598584528752449"
    Private="false" />
  <Object
    Path="D:\Projekty BER\Embraco_VymenaRobotaUR_A2021002\Logical\Libraries\AxisLib\ServoLim.st"
    LogicalPath="Libraries.AxisLib.ServoLim.st"
    Type="File"
    LastWriteTime="132598584528762633"
    Private="false" />
  <Object
    Path="D:\Projekty BER\Embraco_VymenaRobotaUR_A2021002\Logical\Libraries\SC\IEC.lby"
    LogicalPath="Libraries.SC"
    Type="Library"
    LastWriteTime="132598584529261067" />
  <Object
    Path="D:\Projekty BER\Embraco_VymenaRobotaUR_A2021002\Logical\Libraries\SC\Types.typ"
    LogicalPath="Libraries.SC.Types.typ"
    Type="File"
    LastWriteTime="132598584529271041"
    Private="false" />
  <Object
    Path="D:\Projekty BER\Embraco_VymenaRobotaUR_A2021002\Logical\Libraries\SC\Constants.var"
    LogicalPath="Libraries.SC.Constants.var"
    Type="File"
    LastWriteTime="132598584529261067"
    Private="false" />
  <Object
    Path="D:\Projekty BER\Embraco_VymenaRobotaUR_A2021002\Logical\Libraries\SC\SC.fun"
    LogicalPath="Libraries.SC.SC.fun"
    Type="File"
    LastWriteTime="132598584529261067"
    Private="false" />
  <Object
    Path="D:\Projekty BER\Embraco_VymenaRobotaUR_A2021002\Logical\Libraries\SC\SequenceControl.st"
    LogicalPath="Libraries.SC.SequenceControl.st"
    Type="File"
    LastWriteTime="132598584529261067"
    Private="false" />
  <Object
    Path="D:\Projekty BER\Embraco_VymenaRobotaUR_A2021002\Logical\Libraries\McBase\binary.lby"
    LogicalPath="Libraries.McBase"
    Type="Library"
    LastWriteTime="132604627386545621" />
  <Object
    Path="D:\Projekty BER\Embraco_VymenaRobotaUR_A2021002\Logical\Libraries\McBase\McBase.typ"
    LogicalPath="Libraries.McBase.McBase.typ"
    Type="File"
    LastWriteTime="132604627386505730"
    Private="false" />
  <Object
    Path="D:\Projekty BER\Embraco_VymenaRobotaUR_A2021002\Logical\Libraries\McBase\McBase.fun"
    LogicalPath="Libraries.McBase.McBase.fun"
    Type="File"
    LastWriteTime="132604627386525752"
    Private="false" />
  <Object
    Path="D:\Projekty BER\Embraco_VymenaRobotaUR_A2021002\Logical\Libraries\McBase\McBase.var"
    LogicalPath="Libraries.McBase.McBase.var"
    Type="File"
    LastWriteTime="132604627386535649"
    Private="false" />
  <Object
    Path="D:\Projekty BER\Embraco_VymenaRobotaUR_A2021002\Logical\Libraries\McBase\McBaseCfg.typ"
    LogicalPath="Libraries.McBase.McBaseCfg.typ"
    Type="File"
    LastWriteTime="132604627386535649"
    Private="false" />
  <Object
    Path="D:\Projekty BER\Embraco_VymenaRobotaUR_A2021002\Logical\Libraries\McAcpAx\binary.lby"
    LogicalPath="Libraries.McAcpAx"
    Type="Library"
    LastWriteTime="132604627388630062" />
  <Object
    Path="D:\Projekty BER\Embraco_VymenaRobotaUR_A2021002\Logical\Libraries\McAcpAx\McAcpAx.typ"
    LogicalPath="Libraries.McAcpAx.McAcpAx.typ"
    Type="File"
    LastWriteTime="132604627387134195"
    Private="false" />
  <Object
    Path="D:\Projekty BER\Embraco_VymenaRobotaUR_A2021002\Logical\Libraries\McAcpAx\McAcpAx.fun"
    LogicalPath="Libraries.McAcpAx.McAcpAx.fun"
    Type="File"
    LastWriteTime="132604627387144300"
    Private="false" />
  <Object
    Path="D:\Projekty BER\Embraco_VymenaRobotaUR_A2021002\Logical\Libraries\McAcpAx\McAcpAx.var"
    LogicalPath="Libraries.McAcpAx.McAcpAx.var"
    Type="File"
    LastWriteTime="132604627388610351"
    Private="false" />
  <Object
    Path="D:\Projekty BER\Embraco_VymenaRobotaUR_A2021002\Logical\Libraries\McAcpAx\McAcpAxCfg.typ"
    LogicalPath="Libraries.McAcpAx.McAcpAxCfg.typ"
    Type="File"
    LastWriteTime="132604627388630062"
    Private="false" />
  <Object
    Path="D:\Projekty BER\Embraco_VymenaRobotaUR_A2021002\Logical\Libraries\McStpAx\binary.lby"
    LogicalPath="Libraries.McStpAx"
    Type="Library"
    LastWriteTime="132604627389338208" />
  <Object
    Path="D:\Projekty BER\Embraco_VymenaRobotaUR_A2021002\Logical\Libraries\McStpAx\McStpAx.typ"
    LogicalPath="Libraries.McStpAx.McStpAx.typ"
    Type="File"
    LastWriteTime="132604627389308314"
    Private="false" />
  <Object
    Path="D:\Projekty BER\Embraco_VymenaRobotaUR_A2021002\Logical\Libraries\McStpAx\McStpAx.fun"
    LogicalPath="Libraries.McStpAx.McStpAx.fun"
    Type="File"
    LastWriteTime="132604627389318237"
    Private="false" />
  <Object
    Path="D:\Projekty BER\Embraco_VymenaRobotaUR_A2021002\Logical\Libraries\McStpAx\McStpAx.var"
    LogicalPath="Libraries.McStpAx.McStpAx.var"
    Type="File"
    LastWriteTime="132604627389328216"
    Private="false" />
  <Object
    Path="D:\Projekty BER\Embraco_VymenaRobotaUR_A2021002\Logical\Libraries\McStpAx\McStpAxCfg.typ"
    LogicalPath="Libraries.McStpAx.McStpAxCfg.typ"
    Type="File"
    LastWriteTime="132604627389338208"
    Private="false" />
  <Object
    Path="D:\Projekty BER\Embraco_VymenaRobotaUR_A2021002\Logical\Libraries\McAxis\binary.lby"
    LogicalPath="Libraries.McAxis"
    Type="Library"
    LastWriteTime="132604627389567566" />
  <Object
    Path="D:\Projekty BER\Embraco_VymenaRobotaUR_A2021002\Logical\Libraries\McAxis\McAxis.typ"
    LogicalPath="Libraries.McAxis.McAxis.typ"
    Type="File"
    LastWriteTime="132604627389527680"
    Private="false" />
  <Object
    Path="D:\Projekty BER\Embraco_VymenaRobotaUR_A2021002\Logical\Libraries\McAxis\McAxis.fun"
    LogicalPath="Libraries.McAxis.McAxis.fun"
    Type="File"
    LastWriteTime="132604627389537818"
    Private="false" />
  <Object
    Path="D:\Projekty BER\Embraco_VymenaRobotaUR_A2021002\Logical\Libraries\McAxis\McAxis.var"
    LogicalPath="Libraries.McAxis.McAxis.var"
    Type="File"
    LastWriteTime="132604627389547635"
    Private="false" />
  <Object
    Path="D:\Projekty BER\Embraco_VymenaRobotaUR_A2021002\Logical\Libraries\McAxis\McAxisCfg.typ"
    LogicalPath="Libraries.McAxis.McAxisCfg.typ"
    Type="File"
    LastWriteTime="132604627389557600"
    Private="false" />
  <Object
    Path="D:\Projekty BER\Embraco_VymenaRobotaUR_A2021002\Logical\Libraries\MpAxis\binary.lby"
    LogicalPath="Libraries.MpAxis"
    Type="Library"
    LastWriteTime="132604627389807055" />
  <Object
    Path="D:\Projekty BER\Embraco_VymenaRobotaUR_A2021002\Logical\Libraries\MpAxis\MpAxis.fun"
    LogicalPath="Libraries.MpAxis.MpAxis.fun"
    Type="File"
    LastWriteTime="132604627389786957"
    Private="false" />
  <Object
    Path="D:\Projekty BER\Embraco_VymenaRobotaUR_A2021002\Logical\Libraries\MpAxis\MpAxis.typ"
    LogicalPath="Libraries.MpAxis.MpAxis.typ"
    Type="File"
    LastWriteTime="132604627389796932"
    Private="false" />
  <Object
    Path="D:\Projekty BER\Embraco_VymenaRobotaUR_A2021002\Logical\Libraries\MpAxis\MpAxisError.typ"
    LogicalPath="Libraries.MpAxis.MpAxisError.typ"
    Type="File"
    LastWriteTime="132604627389807055"
    Private="false" />
  <Object
    Path="D:\Projekty BER\Embraco_VymenaRobotaUR_A2021002\Logical\Libraries\MpBase\Binary.lby"
    LogicalPath="Libraries.MpBase"
    Type="Library"
    LastWriteTime="132604627389996527" />
  <Object
    Path="D:\Projekty BER\Embraco_VymenaRobotaUR_A2021002\Logical\Libraries\MpBase\MpBase.typ"
    LogicalPath="Libraries.MpBase.MpBase.typ"
    Type="File"
    LastWriteTime="132604627389956609"
    Private="false" />
  <Object
    Path="D:\Projekty BER\Embraco_VymenaRobotaUR_A2021002\Logical\Libraries\MpBase\MpBase.var"
    LogicalPath="Libraries.MpBase.MpBase.var"
    Type="File"
    LastWriteTime="132604627389966509"
    Private="false" />
  <Object
    Path="D:\Projekty BER\Embraco_VymenaRobotaUR_A2021002\Logical\Libraries\MpBase\MpBase.fun"
    LogicalPath="Libraries.MpBase.MpBase.fun"
    Type="File"
    LastWriteTime="132604627389976493"
    Private="false" />
  <Object
    Path="D:\Projekty BER\Embraco_VymenaRobotaUR_A2021002\Logical\Libraries\MpBase\Common_EventLog.tmx"
    LogicalPath="Libraries.MpBase.Common_EventLog.tmx"
    Type="File"
    LastWriteTime="132604627389986457"
    Private="false" />
  <Object
    Path="D:\Projekty BER\Embraco_VymenaRobotaUR_A2021002\Logical\Libraries\MpRecipe\Binary.lby"
    LogicalPath="Libraries.MpRecipe"
    Type="Library"
    LastWriteTime="132604627390245759" />
  <Object
    Path="D:\Projekty BER\Embraco_VymenaRobotaUR_A2021002\Logical\Libraries\MpRecipe\MpRecipe.typ"
    LogicalPath="Libraries.MpRecipe.MpRecipe.typ"
    Type="File"
    LastWriteTime="132604627390205863"
    Private="false" />
  <Object
    Path="D:\Projekty BER\Embraco_VymenaRobotaUR_A2021002\Logical\Libraries\MpRecipe\MpRecipeAlarm.typ"
    LogicalPath="Libraries.MpRecipe.MpRecipeAlarm.typ"
    Type="File"
    LastWriteTime="132604627390215963"
    Private="false" />
  <Object
    Path="D:\Projekty BER\Embraco_VymenaRobotaUR_A2021002\Logical\Libraries\MpRecipe\MpRecipeError.typ"
    LogicalPath="Libraries.MpRecipe.MpRecipeError.typ"
    Type="File"
    LastWriteTime="132604627390235781"
    Private="false" />
  <Object
    Path="D:\Projekty BER\Embraco_VymenaRobotaUR_A2021002\Logical\Libraries\MpRecipe\MpRecipe.fun"
    LogicalPath="Libraries.MpRecipe.MpRecipe.fun"
    Type="File"
    LastWriteTime="132604627390245759"
    Private="false" />
  <Object
    Path="D:\Projekty BER\Embraco_VymenaRobotaUR_A2021002\Logical\Libraries\CoTrace\binary.lby"
    LogicalPath="Libraries.CoTrace"
    Type="Library"
    LastWriteTime="132604627446801661" />
  <Object
    Path="D:\Projekty BER\Embraco_VymenaRobotaUR_A2021002\Logical\Libraries\CoTrace\CoTrace.fun"
    LogicalPath="Libraries.CoTrace.CoTrace.fun"
    Type="File"
    LastWriteTime="132604627446772011"
    Private="false" />
  <Object
    Path="D:\Projekty BER\Embraco_VymenaRobotaUR_A2021002\Logical\Libraries\CoTrace\CoTrace.typ"
    LogicalPath="Libraries.CoTrace.CoTrace.typ"
    Type="File"
    LastWriteTime="132604627446781984"
    Private="false" />
  <Object
    Path="D:\Projekty BER\Embraco_VymenaRobotaUR_A2021002\Logical\Libraries\CoTrace\CoTrace.var"
    LogicalPath="Libraries.CoTrace.CoTrace.var"
    Type="File"
    LastWriteTime="132604627446791686"
    Private="false" />
  <Object
    Path="D:\Projekty BER\Embraco_VymenaRobotaUR_A2021002\Logical\Program\Package.pkg"
    LogicalPath="Program"
    Type="Package"
    LastWriteTime="132598584529330881" />
  <Object
    Path="D:\Projekty BER\Embraco_VymenaRobotaUR_A2021002\Logical\Program\Main\IEC.prg"
    LogicalPath="Program.Main"
    Type="Program"
    LastWriteTime="132598584529330881" />
  <Object
    Path="D:\Projekty BER\Embraco_VymenaRobotaUR_A2021002\Logical\Program\Main\Main.st"
    LogicalPath="Program.Main.Main.st"
    Type="File"
    LastWriteTime="132602909235659371"
    Private="false" />
  <Object
    Path="D:\Projekty BER\Embraco_VymenaRobotaUR_A2021002\Logical\Program\Main\Types.typ"
    LogicalPath="Program.Main.Types.typ"
    Type="File"
    LastWriteTime="132598584529330881"
    Private="true" />
  <Object
    Path="D:\Projekty BER\Embraco_VymenaRobotaUR_A2021002\Logical\Program\Main\Variables.var"
    LogicalPath="Program.Main.Variables.var"
    Type="File"
    LastWriteTime="132598584529330881"
    Private="true" />
  <Object
    Path="D:\Projekty BER\Embraco_VymenaRobotaUR_A2021002\Logical\Program\Bruska\IEC.prg"
    LogicalPath="Program.Bruska"
    Type="Program"
    LastWriteTime="132598584529320910" />
  <Object
    Path="D:\Projekty BER\Embraco_VymenaRobotaUR_A2021002\Logical\Program\Bruska\Main.st"
    LogicalPath="Program.Bruska.Main.st"
    Type="File"
    LastWriteTime="132600277489824075"
    Private="false" />
  <Object
    Path="D:\Projekty BER\Embraco_VymenaRobotaUR_A2021002\Logical\Program\Bruska\Types.typ"
    LogicalPath="Program.Bruska.Types.typ"
    Type="File"
    LastWriteTime="132598584529320910"
    Private="true" />
  <Object
    Path="D:\Projekty BER\Embraco_VymenaRobotaUR_A2021002\Logical\Program\Bruska\Variables.var"
    LogicalPath="Program.Bruska.Variables.var"
    Type="File"
    LastWriteTime="132598584529320910"
    Private="true" />
  <Object
    Path="D:\Projekty BER\Embraco_VymenaRobotaUR_A2021002\Logical\Program\Bruska\OvlServa.st"
    LogicalPath="Program.Bruska.OvlServa.st"
    Type="File"
    LastWriteTime="132598584529320910"
    Private="false" />
  <Object
    Path="D:\Projekty BER\Embraco_VymenaRobotaUR_A2021002\Logical\Program\Robot\IEC.prg"
    LogicalPath="Program.Robot"
    Type="Program"
    LastWriteTime="132606293478079488" />
  <Object
    Path="D:\Projekty BER\Embraco_VymenaRobotaUR_A2021002\Logical\Program\Robot\Main.st"
    LogicalPath="Program.Robot.Main.st"
    Type="File"
    LastWriteTime="132606294837367766"
    Private="false" />
  <Object
    Path="D:\Projekty BER\Embraco_VymenaRobotaUR_A2021002\Logical\Program\Robot\Types.typ"
    LogicalPath="Program.Robot.Types.typ"
    Type="File"
    LastWriteTime="132598584529340862"
    Private="true" />
  <Object
    Path="D:\Projekty BER\Embraco_VymenaRobotaUR_A2021002\Logical\Program\Robot\Variables.var"
    LogicalPath="Program.Robot.Variables.var"
    Type="File"
    LastWriteTime="132606293874037992"
    Private="true" />
  <Object
    Path="D:\Projekty BER\Embraco_VymenaRobotaUR_A2021002\Logical\Program\Robot\ProfinetKomunikaciaRobot.st"
    LogicalPath="Program.Robot.ProfinetKomunikaciaRobot.st"
    Type="File"
    LastWriteTime="132608759400409151"
    Private="false" />
  <Object
    Path="D:\Projekty BER\Embraco_VymenaRobotaUR_A2021002\Logical\Program\Robot\OvladanieGripra.st"
    LogicalPath="Program.Robot.OvladanieGripra.st"
    Type="File"
    LastWriteTime="132606330225533853"
    Private="false" />
  <Object
    Path="D:\Projekty BER\Embraco_VymenaRobotaUR_A2021002\Logical\Program\Alarmy\IEC.prg"
    LogicalPath="Program.Alarmy"
    Type="Program"
    LastWriteTime="132598584529310935" />
  <Object
    Path="D:\Projekty BER\Embraco_VymenaRobotaUR_A2021002\Logical\Program\Alarmy\Main.st"
    LogicalPath="Program.Alarmy.Main.st"
    Type="File"
    LastWriteTime="132606305660680112"
    Private="false" />
  <Object
    Path="D:\Projekty BER\Embraco_VymenaRobotaUR_A2021002\Logical\Program\Alarmy\Types.typ"
    LogicalPath="Program.Alarmy.Types.typ"
    Type="File"
    LastWriteTime="132598584529300959"
    Private="true" />
  <Object
    Path="D:\Projekty BER\Embraco_VymenaRobotaUR_A2021002\Logical\Program\Alarmy\Variables.var"
    LogicalPath="Program.Alarmy.Variables.var"
    Type="File"
    LastWriteTime="132599259034924813"
    Private="true" />
  <Object
    Path="D:\Projekty BER\Embraco_VymenaRobotaUR_A2021002\Logical\HMI\Package.pkg"
    LogicalPath="HMI"
    Type="Package"
    LastWriteTime="132600277281458989" />
  <Object
    Path="D:\Projekty BER\Embraco_VymenaRobotaUR_A2021002\Logical\HMI\OvladanieVizu\IEC.prg"
    LogicalPath="HMI.OvladanieVizu"
    Type="Program"
    LastWriteTime="132598584528602845" />
  <Object
    Path="D:\Projekty BER\Embraco_VymenaRobotaUR_A2021002\Logical\HMI\OvladanieVizu\Main.st"
    LogicalPath="HMI.OvladanieVizu.Main.st"
    Type="File"
    LastWriteTime="132606325200563232"
    Private="false" />
  <Object
    Path="D:\Projekty BER\Embraco_VymenaRobotaUR_A2021002\Logical\HMI\OvladanieVizu\Types.typ"
    LogicalPath="HMI.OvladanieVizu.Types.typ"
    Type="File"
    LastWriteTime="132598584528602845"
    Private="true" />
  <Object
    Path="D:\Projekty BER\Embraco_VymenaRobotaUR_A2021002\Logical\HMI\OvladanieVizu\Variables.var"
    LogicalPath="HMI.OvladanieVizu.Variables.var"
    Type="File"
    LastWriteTime="132598584528602845"
    Private="true" />
  <Object
    Path="D:\Projekty BER\Embraco_VymenaRobotaUR_A2021002\Logical\HMI\Visu\Vc.dob"
    LogicalPath="HMI.Visu"
    Type="DataObject"
    LastWriteTime="132600277280860593" />
  <Object
    Path="D:\Projekty BER\Embraco_VymenaRobotaUR_A2021002\Logical\HMI\Visu\VCObject.vc"
    LogicalPath="HMI.Visu.VCObject.vc"
    Type="File"
    LastWriteTime="132600277280850623"
    Private="false" />
  <Object
    Path="D:\Projekty BER\Embraco_VymenaRobotaUR_A2021002\Logical\RiadenieServ\Package.pkg"
    LogicalPath="RiadenieServ"
    Type="Package"
    LastWriteTime="132598584529380751" />
  <Object
    Path="D:\Projekty BER\Embraco_VymenaRobotaUR_A2021002\Logical\RiadenieServ\RiadenieServ\IEC.prg"
    LogicalPath="RiadenieServ.RiadenieServ"
    Type="Program"
    LastWriteTime="132598584529380751" />
  <Object
    Path="D:\Projekty BER\Embraco_VymenaRobotaUR_A2021002\Logical\RiadenieServ\RiadenieServ\Main.st"
    LogicalPath="RiadenieServ.RiadenieServ.Main.st"
    Type="File"
    LastWriteTime="132598584529380751"
    Private="false" />
  <Object
    Path="D:\Projekty BER\Embraco_VymenaRobotaUR_A2021002\Logical\RiadenieServ\RiadenieServ\Types.typ"
    LogicalPath="RiadenieServ.RiadenieServ.Types.typ"
    Type="File"
    LastWriteTime="132598584529380751"
    Private="true" />
  <Object
    Path="D:\Projekty BER\Embraco_VymenaRobotaUR_A2021002\Logical\RiadenieServ\RiadenieServ\Variables.var"
    LogicalPath="RiadenieServ.RiadenieServ.Variables.var"
    Type="File"
    LastWriteTime="132598584529390735"
    Private="true" />
  <Object
    Path="D:\Projekty BER\Embraco_VymenaRobotaUR_A2021002\Logical\RiadenieServ\LimitneSnimace\IEC.prg"
    LogicalPath="RiadenieServ.LimitneSnimace"
    Type="Program"
    LastWriteTime="132598584529380751" />
  <Object
    Path="D:\Projekty BER\Embraco_VymenaRobotaUR_A2021002\Logical\RiadenieServ\LimitneSnimace\Main.st"
    LogicalPath="RiadenieServ.LimitneSnimace.Main.st"
    Type="File"
    LastWriteTime="132598584529380751"
    Private="false" />
  <Object
    Path="D:\Projekty BER\Embraco_VymenaRobotaUR_A2021002\Logical\RiadenieServ\LimitneSnimace\Types.typ"
    LogicalPath="RiadenieServ.LimitneSnimace.Types.typ"
    Type="File"
    LastWriteTime="132598584529370778"
    Private="true" />
  <Object
    Path="D:\Projekty BER\Embraco_VymenaRobotaUR_A2021002\Logical\RiadenieServ\LimitneSnimace\Variables.var"
    LogicalPath="RiadenieServ.LimitneSnimace.Variables.var"
    Type="File"
    LastWriteTime="132598584529380751"
    Private="true" />
  <Object
    Path="D:\Projekty BER\Embraco_VymenaRobotaUR_A2021002\Logical\RemanentnePremenne\Package.pkg"
    LogicalPath="RemanentnePremenne"
    Type="Package"
    LastWriteTime="132598584529360798" />
  <Object
    Path="D:\Projekty BER\Embraco_VymenaRobotaUR_A2021002\Logical\RemanentnePremenne\RemanentnePremenne\IEC.prg"
    LogicalPath="RemanentnePremenne.RemanentnePremenne"
    Type="Program"
    LastWriteTime="132598584529360798" />
  <Object
    Path="D:\Projekty BER\Embraco_VymenaRobotaUR_A2021002\Logical\RemanentnePremenne\RemanentnePremenne\Main.st"
    LogicalPath="RemanentnePremenne.RemanentnePremenne.Main.st"
    Type="File"
    LastWriteTime="132598584529360798"
    Private="false" />
  <Object
    Path="D:\Projekty BER\Embraco_VymenaRobotaUR_A2021002\Logical\RemanentnePremenne\RemanentnePremenne\Types.typ"
    LogicalPath="RemanentnePremenne.RemanentnePremenne.Types.typ"
    Type="File"
    LastWriteTime="132598584529350844"
    Private="true" />
  <Object
    Path="D:\Projekty BER\Embraco_VymenaRobotaUR_A2021002\Logical\RemanentnePremenne\RemanentnePremenne\Variables.var"
    LogicalPath="RemanentnePremenne.RemanentnePremenne.Variables.var"
    Type="File"
    LastWriteTime="132598584529360798"
    Private="true" />
  <Object
    Path="D:\Projekty BER\Embraco_VymenaRobotaUR_A2021002\Logical\Blikace\Package.pkg"
    LogicalPath="Blikace"
    Type="Package"
    LastWriteTime="132598584528572923" />
  <Object
    Path="D:\Projekty BER\Embraco_VymenaRobotaUR_A2021002\Logical\Blikace\Blikanie100ms\IEC.prg"
    LogicalPath="Blikace.Blikanie100ms"
    Type="Program"
    LastWriteTime="132598584528543002" />
  <Object
    Path="D:\Projekty BER\Embraco_VymenaRobotaUR_A2021002\Logical\Blikace\Blikanie100ms\Blikanie100ms.st"
    LogicalPath="Blikace.Blikanie100ms.Blikanie100ms.st"
    Type="File"
    LastWriteTime="132598584528543002"
    Private="false" />
  <Object
    Path="D:\Projekty BER\Embraco_VymenaRobotaUR_A2021002\Logical\Blikace\Blikanie200ms\IEC.prg"
    LogicalPath="Blikace.Blikanie200ms"
    Type="Program"
    LastWriteTime="132598584528563001" />
  <Object
    Path="D:\Projekty BER\Embraco_VymenaRobotaUR_A2021002\Logical\Blikace\Blikanie200ms\Blikanie200ms.st"
    LogicalPath="Blikace.Blikanie200ms.Blikanie200ms.st"
    Type="File"
    LastWriteTime="132598584528563001"
    Private="false" />
  <Object
    Path="D:\Projekty BER\Embraco_VymenaRobotaUR_A2021002\Logical\Blikace\Blikanie500ms\IEC.prg"
    LogicalPath="Blikace.Blikanie500ms"
    Type="Program"
    LastWriteTime="132598584528572923" />
  <Object
    Path="D:\Projekty BER\Embraco_VymenaRobotaUR_A2021002\Logical\Blikace\Blikanie500ms\Blikanie500ms.st"
    LogicalPath="Blikace.Blikanie500ms.Blikanie500ms.st"
    Type="File"
    LastWriteTime="132598584528572923"
    Private="false" />
  <Object
    Path="D:\Projekty BER\Embraco_VymenaRobotaUR_A2021002\Logical\Blikace\Blikanie1s\IEC.prg"
    LogicalPath="Blikace.Blikanie1s"
    Type="Program"
    LastWriteTime="132598584528543002" />
  <Object
    Path="D:\Projekty BER\Embraco_VymenaRobotaUR_A2021002\Logical\Blikace\Blikanie1s\Blikanie1s.st"
    LogicalPath="Blikace.Blikanie1s.Blikanie1s.st"
    Type="File"
    LastWriteTime="132598584528553000"
    Private="false" />
  <Object
    Path="D:\Projekty BER\Embraco_VymenaRobotaUR_A2021002\Logical\DatumCasPLC\Package.pkg"
    LogicalPath="DatumCasPLC"
    Type="Package"
    LastWriteTime="132598584528592854" />
  <Object
    Path="D:\Projekty BER\Embraco_VymenaRobotaUR_A2021002\Logical\DatumCasPLC\DatumCasGlobal.var"
    LogicalPath="DatumCasPLC.DatumCasGlobal.var"
    Type="File"
    LastWriteTime="132598584528572923"
    Private="false" />
  <Object
    Path="D:\Projekty BER\Embraco_VymenaRobotaUR_A2021002\Logical\DatumCasPLC\DatumCasGlobal.typ"
    LogicalPath="DatumCasPLC.DatumCasGlobal.typ"
    Type="File"
    LastWriteTime="132598584528572923"
    Private="false" />
  <Object
    Path="D:\Projekty BER\Embraco_VymenaRobotaUR_A2021002\Logical\DatumCasPLC\DatumCasPLC\IEC.prg"
    LogicalPath="DatumCasPLC.DatumCasPLC"
    Type="Program"
    LastWriteTime="132598584528582904" />
  <Object
    Path="D:\Projekty BER\Embraco_VymenaRobotaUR_A2021002\Logical\DatumCasPLC\DatumCasPLC\Main.st"
    LogicalPath="DatumCasPLC.DatumCasPLC.Main.st"
    Type="File"
    LastWriteTime="132598584528592854"
    Private="false" />
  <Object
    Path="D:\Projekty BER\Embraco_VymenaRobotaUR_A2021002\Logical\DatumCasPLC\DatumCasPLC\Types.typ"
    LogicalPath="DatumCasPLC.DatumCasPLC.Types.typ"
    Type="File"
    LastWriteTime="132598584528582904"
    Private="true" />
  <Object
    Path="D:\Projekty BER\Embraco_VymenaRobotaUR_A2021002\Logical\DatumCasPLC\DatumCasPLC\Variables.var"
    LogicalPath="DatumCasPLC.DatumCasPLC.Variables.var"
    Type="File"
    LastWriteTime="132598584528592854"
    Private="true" />
  <Object
    Path="D:\Projekty BER\Embraco_VymenaRobotaUR_A2021002\Logical\Poznamky.txt"
    LogicalPath="Poznamky.txt"
    Type="File"
    LastWriteTime="132598584529300959"
    Private="false" />
  <Object
    Path="D:\Projekty BER\Embraco_VymenaRobotaUR_A2021002\Physical\Config1\Config.pkg"
    LogicalPath="Config1"
    Type="Configuration.ParentUnknown"
    LastWriteTime="132598584529610132" />
  <Object
    Path="D:\Projekty BER\Embraco_VymenaRobotaUR_A2021002\Physical\Config1\Hardware.hw"
    LogicalPath="Config1.Hardware.hw"
    Type="File"
    LastWriteTime="132600287245043630"
    Private="false" />
  <Object
    Path="D:\Projekty BER\Embraco_VymenaRobotaUR_A2021002\Physical\Config1\Hardware.hwl"
    LogicalPath="Config1.Hardware.hwl"
    Type="File"
    LastWriteTime="132606314251657859"
    Private="false" />
  <Object
    Path="D:\Projekty BER\Embraco_VymenaRobotaUR_A2021002\Physical\Config1\AB2_CPU\Cpu.pkg"
    LogicalPath="Config1.AB2_CPU"
    Type="Cpu"
    LastWriteTime="132605292798940452" />
  <Object
    Path="D:\Projekty BER\Embraco_VymenaRobotaUR_A2021002\Physical\Config1\AB2_CPU\Cpu.sw"
    LogicalPath="Config1.AB2_CPU.Cpu.sw"
    Type="File"
    LastWriteTime="132600277309356706"
    Private="false" />
  <Object
    Path="D:\Projekty BER\Embraco_VymenaRobotaUR_A2021002\Physical\Config1\AB2_CPU\Cpu.per"
    LogicalPath="Config1.AB2_CPU.Cpu.per"
    Type="File"
    LastWriteTime="132598584529510396"
    Private="false" />
  <Object
    Path="D:\Projekty BER\Embraco_VymenaRobotaUR_A2021002\Physical\Config1\AB2_CPU\IoMap.iom"
    LogicalPath="Config1.AB2_CPU.IoMap.iom"
    Type="File"
    LastWriteTime="132606310990779733"
    Private="false" />
  <Object
    Path="D:\Projekty BER\Embraco_VymenaRobotaUR_A2021002\Physical\Config1\AB2_CPU\PvMap.vvm"
    LogicalPath="Config1.AB2_CPU.PvMap.vvm"
    Type="File"
    LastWriteTime="132598584529600171"
    Private="false" />
  <Object
    Path="D:\Projekty BER\Embraco_VymenaRobotaUR_A2021002\Physical\Config1\AB2_CPU\Connectivity\Package.pkg"
    LogicalPath="Config1.AB2_CPU.Connectivity"
    Type="Package"
    LastWriteTime="132598584529510396" />
  <Object
    Path="D:\Projekty BER\Embraco_VymenaRobotaUR_A2021002\Physical\Config1\AB2_CPU\Connectivity\OpcUA\Package.pkg"
    LogicalPath="Config1.AB2_CPU.Connectivity.OpcUA"
    Type="Package"
    LastWriteTime="132598584529510396" />
  <Object
    Path="D:\Projekty BER\Embraco_VymenaRobotaUR_A2021002\Physical\Config1\AB2_CPU\TextSystem\Package.pkg"
    LogicalPath="Config1.AB2_CPU.TextSystem"
    Type="Package"
    LastWriteTime="132598584529600171" />
  <Object
    Path="D:\Projekty BER\Embraco_VymenaRobotaUR_A2021002\Physical\Config1\AB2_CPU\UnitSystem\Package.pkg"
    LogicalPath="Config1.AB2_CPU.UnitSystem"
    Type="Package"
    LastWriteTime="132598584529610132" />
  <Object
    Path="D:\Projekty BER\Embraco_VymenaRobotaUR_A2021002\Physical\Config1\AB2_CPU\AccessAndSecurity\Package.pkg"
    LogicalPath="Config1.AB2_CPU.AccessAndSecurity"
    Type="Package"
    LastWriteTime="132598584529490464" />
  <Object
    Path="D:\Projekty BER\Embraco_VymenaRobotaUR_A2021002\Physical\Config1\AB2_CPU\AccessAndSecurity\UserRoleSystem\Package.pkg"
    LogicalPath="Config1.AB2_CPU.AccessAndSecurity.UserRoleSystem"
    Type="Package"
    LastWriteTime="132598584529510396" />
  <Object
    Path="D:\Projekty BER\Embraco_VymenaRobotaUR_A2021002\Physical\Config1\AB2_CPU\AccessAndSecurity\UserRoleSystem\Role.role"
    LogicalPath="Config1.AB2_CPU.AccessAndSecurity.UserRoleSystem.Role.role"
    Type="File"
    LastWriteTime="132598584529520517"
    Private="false" />
  <Object
    Path="D:\Projekty BER\Embraco_VymenaRobotaUR_A2021002\Physical\Config1\AB2_CPU\AccessAndSecurity\UserRoleSystem\User.user"
    LogicalPath="Config1.AB2_CPU.AccessAndSecurity.UserRoleSystem.User.user"
    Type="File"
    LastWriteTime="132598584529510396"
    Private="false" />
  <Object
    Path="D:\Projekty BER\Embraco_VymenaRobotaUR_A2021002\Physical\Config1\AB2_CPU\AccessAndSecurity\CertificateStore\Package.pkg"
    LogicalPath="Config1.AB2_CPU.AccessAndSecurity.CertificateStore"
    Type="Package"
    LastWriteTime="132598584529480492" />
  <Object
    Path="D:\Projekty BER\Embraco_VymenaRobotaUR_A2021002\Physical\Config1\AB2_CPU\AccessAndSecurity\CertificateStore\OwnCertificates\Package.pkg"
    LogicalPath="Config1.AB2_CPU.AccessAndSecurity.CertificateStore.OwnCertificates"
    Type="Package"
    LastWriteTime="132598584529470525" />
  <Object
    Path="D:\Projekty BER\Embraco_VymenaRobotaUR_A2021002\Physical\Config1\AB2_CPU\AccessAndSecurity\CertificateStore\OwnCertificates\Certificates\Package.pkg"
    LogicalPath="Config1.AB2_CPU.AccessAndSecurity.CertificateStore.OwnCertificates.Certificates"
    Type="Package"
    LastWriteTime="132598584529470525" />
  <Object
    Path="D:\Projekty BER\Embraco_VymenaRobotaUR_A2021002\Physical\Config1\AB2_CPU\AccessAndSecurity\CertificateStore\OwnCertificates\PrivateKeys\Package.pkg"
    LogicalPath="Config1.AB2_CPU.AccessAndSecurity.CertificateStore.OwnCertificates.PrivateKeys"
    Type="Package"
    LastWriteTime="132598584529470525" />
  <Object
    Path="D:\Projekty BER\Embraco_VymenaRobotaUR_A2021002\Physical\Config1\AB2_CPU\AccessAndSecurity\CertificateStore\ThirdPartyCertificates\Package.pkg"
    LogicalPath="Config1.AB2_CPU.AccessAndSecurity.CertificateStore.ThirdPartyCertificates"
    Type="Package"
    LastWriteTime="132598584529480492" />
  <Object
    Path="D:\Projekty BER\Embraco_VymenaRobotaUR_A2021002\Physical\Config1\AB2_CPU\AccessAndSecurity\CertificateStore\ThirdPartyCertificates\SoftwareCertificates\Package.pkg"
    LogicalPath="Config1.AB2_CPU.AccessAndSecurity.CertificateStore.ThirdPartyCertificates.SoftwareCertificates"
    Type="Package"
    LastWriteTime="132598584529490464" />
  <Object
    Path="D:\Projekty BER\Embraco_VymenaRobotaUR_A2021002\Physical\Config1\AB2_CPU\AccessAndSecurity\CertificateStore\CertificateRevocationLists\Package.pkg"
    LogicalPath="Config1.AB2_CPU.AccessAndSecurity.CertificateStore.CertificateRevocationLists"
    Type="Package"
    LastWriteTime="132598584529470525" />
  <Object
    Path="D:\Projekty BER\Embraco_VymenaRobotaUR_A2021002\Physical\Config1\AB2_CPU\AccessAndSecurity\CertificateStore\CertificateSigningRequests\Package.pkg"
    LogicalPath="Config1.AB2_CPU.AccessAndSecurity.CertificateStore.CertificateSigningRequests"
    Type="Package"
    LastWriteTime="132598584529480492" />
  <Object
    Path="D:\Projekty BER\Embraco_VymenaRobotaUR_A2021002\Physical\Config1\AB2_CPU\AccessAndSecurity\TransportLayerSecurity\Package.pkg"
    LogicalPath="Config1.AB2_CPU.AccessAndSecurity.TransportLayerSecurity"
    Type="Package"
    LastWriteTime="132598584529500425" />
  <Object
    Path="D:\Projekty BER\Embraco_VymenaRobotaUR_A2021002\Physical\Config1\AB2_CPU\AccessAndSecurity\Firewall\Package.pkg"
    LogicalPath="Config1.AB2_CPU.AccessAndSecurity.Firewall"
    Type="Package"
    LastWriteTime="132598584529490464" />
  <Object
    Path="D:\Projekty BER\Embraco_VymenaRobotaUR_A2021002\Physical\Config1\AB2_CPU\AccessAndSecurity\Firewall\Rules.firewallRules"
    LogicalPath="Config1.AB2_CPU.AccessAndSecurity.Firewall.Rules.firewallRules"
    Type="File"
    LastWriteTime="132598584529490464"
    Private="false" />
  <Object
    Path="D:\Projekty BER\Embraco_VymenaRobotaUR_A2021002\Physical\Config1\AB2_CPU\mappControl\Package.pkg"
    LogicalPath="Config1.AB2_CPU.mappControl"
    Type="Package"
    LastWriteTime="132598584529580232" />
  <Object
    Path="D:\Projekty BER\Embraco_VymenaRobotaUR_A2021002\Physical\Config1\AB2_CPU\mappMotion\Package.pkg"
    LogicalPath="Config1.AB2_CPU.mappMotion"
    Type="Package"
    LastWriteTime="132598584529580232" />
  <Object
    Path="D:\Projekty BER\Embraco_VymenaRobotaUR_A2021002\Physical\Config1\AB2_CPU\mappMotion\Config_1.axis"
    LogicalPath="Config1.AB2_CPU.mappMotion.Config_1.axis"
    Type="File"
    LastWriteTime="132598584529580232"
    Private="false" />
  <Object
    Path="D:\Projekty BER\Embraco_VymenaRobotaUR_A2021002\Physical\Config1\AB2_CPU\mappServices\Package.pkg"
    LogicalPath="Config1.AB2_CPU.mappServices"
    Type="Package"
    LastWriteTime="132598584529590183" />
  <Object
    Path="D:\Projekty BER\Embraco_VymenaRobotaUR_A2021002\Physical\Config1\AB2_CPU\mappServices\Config.mprecipexml"
    LogicalPath="Config1.AB2_CPU.mappServices.Config.mprecipexml"
    Type="File"
    LastWriteTime="132598584529590183"
    Private="false" />
  <Object
    Path="D:\Projekty BER\Embraco_VymenaRobotaUR_A2021002\Physical\Config1\AB2_CPU\mappView\Package.pkg"
    LogicalPath="Config1.AB2_CPU.mappView"
    Type="Package"
    LastWriteTime="132598584529590183" />
  <Object
    Path="D:\Projekty BER\Embraco_VymenaRobotaUR_A2021002\Physical\Config1\AB2_CPU\mappCockpit\Package.pkg"
    LogicalPath="Config1.AB2_CPU.mappCockpit"
    Type="Package"
    LastWriteTime="132598584529570235" />
  <Object
    Path="D:\Projekty BER\Embraco_VymenaRobotaUR_A2021002\Physical\Config1\AB2_CPU\mappCockpit\Settings.mcocfg"
    LogicalPath="Config1.AB2_CPU.mappCockpit.Settings.mcocfg"
    Type="File"
    LastWriteTime="132598584529570235"
    Private="false" />
  <Object
    Path="D:\Projekty BER\Embraco_VymenaRobotaUR_A2021002\Physical\Config1\AB2_CPU\DTM\Package.pkg"
    LogicalPath="Config1.AB2_CPU.DTM"
    Type="Package"
    LastWriteTime="132598584529560268" />
  <Object
    Path="D:\Projekty BER\Embraco_VymenaRobotaUR_A2021002\Physical\Config1\AB2_CPU\DTM\AB1_ProfinetMaster\Package.pkg"
    LogicalPath="Config1.AB2_CPU.DTM.AB1_ProfinetMaster"
    Type="Package"
    LastWriteTime="132598584529550299" />
  <Object
    Path="D:\Projekty BER\Embraco_VymenaRobotaUR_A2021002\Physical\Config1\AB2_CPU\DTM\AB1_ProfinetMaster\AB1_ProfinetMaster.dtm"
    LogicalPath="Config1.AB2_CPU.DTM.AB1_ProfinetMaster.AB1_ProfinetMaster.dtm"
    Type="File"
    LastWriteTime="132598584529540339"
    Private="false" />
  <Object
    Path="D:\Projekty BER\Embraco_VymenaRobotaUR_A2021002\Physical\Config1\AB2_CPU\DTM\AB1_ProfinetMaster\AB1_ProfinetMaster_IF1\Package.pkg"
    LogicalPath="Config1.AB2_CPU.DTM.AB1_ProfinetMaster.AB1_ProfinetMaster_IF1"
    Type="Package"
    LastWriteTime="132598584529540339" />
  <Object
    Path="D:\Projekty BER\Embraco_VymenaRobotaUR_A2021002\Physical\Config1\AB2_CPU\DTM\AB1_ProfinetMaster\AB1_ProfinetMaster_IF1\AB1_ProfinetMaster_IF1.dtmdre"
    LogicalPath="Config1.AB2_CPU.DTM.AB1_ProfinetMaster.AB1_ProfinetMaster_IF1.AB1_ProfinetMaster_IF1.dtmdre"
    Type="File"
    LastWriteTime="132598584529530359"
    Private="false" />
  <Object
    Path="D:\Projekty BER\Embraco_VymenaRobotaUR_A2021002\Physical\Config1\AB2_CPU\DTM\AB1_ProfinetMaster\AB1_ProfinetMaster_IF1\AB1_ProfinetMaster_IF1.dtmdra"
    LogicalPath="Config1.AB2_CPU.DTM.AB1_ProfinetMaster.AB1_ProfinetMaster_IF1.AB1_ProfinetMaster_IF1.dtmdra"
    Type="File"
    LastWriteTime="132598584529540339"
    Private="false" />
  <Object
    Path="D:\Projekty BER\Embraco_VymenaRobotaUR_A2021002\Physical\Config1\AB2_CPU\DTM\AB1_ProfinetMaster\AB1_ProfinetMaster_IF1\AB1_ProfinetMaster_IF1.dtmtre"
    LogicalPath="Config1.AB2_CPU.DTM.AB1_ProfinetMaster.AB1_ProfinetMaster_IF1.AB1_ProfinetMaster_IF1.dtmtre"
    Type="File"
    LastWriteTime="132598584529540339"
    Private="false" />
  <Object
    Path="D:\Projekty BER\Embraco_VymenaRobotaUR_A2021002\Physical\Config1\AB2_CPU\DTM\AB1_ProfinetMaster\AB1_ProfinetMaster_IF1\AB1_ProfinetMaster_IF1.dtmdri"
    LogicalPath="Config1.AB2_CPU.DTM.AB1_ProfinetMaster.AB1_ProfinetMaster_IF1.AB1_ProfinetMaster_IF1.dtmdri"
    Type="File"
    LastWriteTime="132598584529550299"
    Private="false" />
  <Object
    Path="D:\Projekty BER\Embraco_VymenaRobotaUR_A2021002\Physical\Config1\AB2_CPU\DTM\AB1_ProfinetMaster\Robot_ABB\Package.pkg"
    LogicalPath="Config1.AB2_CPU.DTM.AB1_ProfinetMaster.Robot_ABB"
    Type="Package"
    LastWriteTime="132598584529560268" />
  <Object
    Path="D:\Projekty BER\Embraco_VymenaRobotaUR_A2021002\Physical\Config1\AB2_CPU\DTM\AB1_ProfinetMaster\Robot_ABB\Robot_ABB.dtmdre"
    LogicalPath="Config1.AB2_CPU.DTM.AB1_ProfinetMaster.Robot_ABB.Robot_ABB.dtmdre"
    Type="File"
    LastWriteTime="132598584529550299"
    Private="false" />
  <Object
    Path="D:\Projekty BER\Embraco_VymenaRobotaUR_A2021002\Physical\Config1\AB2_CPU\DTM\AB1_ProfinetMaster\Robot_ABB\Robot_ABB.dtmtre"
    LogicalPath="Config1.AB2_CPU.DTM.AB1_ProfinetMaster.Robot_ABB.Robot_ABB.dtmtre"
    Type="File"
    LastWriteTime="132598584529560268"
    Private="false" />
  <Object
    Path="D:\Projekty BER\Embraco_VymenaRobotaUR_A2021002\Physical\Config1\AB2_CPU\DTM\AB1_ProfinetMaster\Robot_ABB\Robot_ABB.dtmdri"
    LogicalPath="Config1.AB2_CPU.DTM.AB1_ProfinetMaster.Robot_ABB.Robot_ABB.dtmdri"
    Type="File"
    LastWriteTime="132598584529560268"
    Private="false" />
  <Object
    Path="D:\Projekty BER\Embraco_VymenaRobotaUR_A2021002\Physical\Config1\AB2_CPU\ExternalHardware\Package.pkg"
    LogicalPath="Config1.AB2_CPU.ExternalHardware"
    Type="Package"
    LastWriteTime="132598584529570235" />
  <Object
    Path="D:\Projekty BER\Embraco_VymenaRobotaUR_A2021002\Physical\Config1\AB2_CPU\ExternalHardware\0GQW3GC4.ext"
    LogicalPath="Config1.AB2_CPU.ExternalHardware.0GQW3GC4.ext"
    Type="File"
    LastWriteTime="132598584529580232"
    Private="false" />
  <Object
    Path="D:\Projekty BER\Embraco_VymenaRobotaUR_A2021002\Physical\Config1\AB2_CPU\ExternalHardware\ExternalHardwareDevices.xml"
    LogicalPath="Config1.AB2_CPU.ExternalHardware.ExternalHardwareDevices.xml"
    Type="File"
    LastWriteTime="132598584529570235"
    Private="false" />
  <Object
    Path="D:\Projekty BER\Embraco_VymenaRobotaUR_A2021002\Physical\Config1\AB2_CPU\VC\Package.pkg"
    LogicalPath="Config1.AB2_CPU.VC"
    Type="Package"
    LastWriteTime="132598584529610132" />
  <Object
    Path="D:\Projekty BER\Embraco_VymenaRobotaUR_A2021002\Physical\Config1\AB2_CPU\VC\PS2-Keyboard.dis"
    LogicalPath="Config1.AB2_CPU.VC.PS2-Keyboard.dis"
    Type="File"
    LastWriteTime="132598584529600171"
    Private="false" />
  <Object
    Path="D:\Projekty BER\Embraco_VymenaRobotaUR_A2021002\Physical\Config1\AB2_CPU\SafeLOGIC-1.swt"
    LogicalPath="Config1.AB2_CPU.SafeLOGIC-1.swt"
    Type="File"
    LastWriteTime="132605391179810000"
    Private="false" />
  <Object
    Path="D:\Projekty BER\Embraco_VymenaRobotaUR_A2021002\Physical\Config1\Hardware.jpg"
    LogicalPath="Config1.Hardware.jpg"
    Type="File"
    LastWriteTime="132606314251737834"
    Private="false" />
</Objects>